<?xml version="1.0" encoding="UTF-8"?>
<!-- Generated by org.testng.reporters.JUnitXMLReporter -->
<testsuite hostname="HannibalDev14VM" name="Advanced Mappings" tests="16" failures="1" timestamp="9 Sep 2017 07:20:00 GMT" time="23.159" errors="0">
  <testcase name="storeLoadAccessType" time="0.046" classname="org.jpwh.test.advanced.AccessType"/>
  <testcase name="storeLoadInitialPrice" time="0.016" classname="org.jpwh.test.advanced.GeneratedProperties"/>
  <testcase name="storeLoadLastModified" time="0.0" classname="org.jpwh.test.advanced.GeneratedProperties">
    <failure type="java.lang.AssertionError" message="expected [true] but found [false]">
      <![CDATA[java.lang.AssertionError: expected [true] but found [false]
	at org.jpwh.test.advanced.GeneratedProperties.storeLoadLastModified(GeneratedProperties.java:67)
... Removed 37 stack frames]]>
    </failure>
  </testcase> <!-- storeLoadLastModified -->
  <testcase name="storeLoadTransform" time="0.031" classname="org.jpwh.test.advanced.TransformingColumns"/>
  <testcase name="storeAndLoadZipcode" time="0.016" classname="org.jpwh.test.converter.Converters"/>
  <testcase name="storeLoadMonetaryAmount" time="0.078" classname="org.jpwh.test.converter.Converters"/>
  <testcase name="storeLoadLocator" time="0.046" classname="org.jpwh.test.advanced.LazyProperties"/>
  <testcase name="storeLoadProperties" time="0.016" classname="org.jpwh.test.advanced.LazyProperties"/>
  <testcase name="storeLoadOverride" time="0.016" classname="org.jpwh.test.advanced.BooleanOverride"/>
  <testcase name="loadSubselectEntity" time="0.031" classname="org.jpwh.test.advanced.MappedSubselect"/>
  <testcase name="storeLoadMonetaryAmount" time="0.0" classname="org.jpwh.test.converter.UserTypes"/>
  <testcase name="storeAndLoadUsers" time="0.0" classname="org.jpwh.test.advanced.NestedComponents"/>
  <testcase name="storeLoadFormula" time="0.016" classname="org.jpwh.test.advanced.DerivedProperties"/>
  <testcase name="storeLoadFormulaSubselect" time="0.015" classname="org.jpwh.test.advanced.DerivedProperties"/>
  <testcase name="storeLoadTemporal" time="0.032" classname="org.jpwh.test.advanced.Temporal"/>
  <testcase name="storeLoadEnum" time="0.015" classname="org.jpwh.test.advanced.Enum"/>
</testsuite> <!-- Advanced Mappings -->
